<?xml version="1.0" encoding="UTF-8"?>
<!-- Generated by org.testng.reporters.JUnitXMLReporter -->
<testsuite ignored="0" hostname="ApurvaNaik42" failures="1" tests="6" name="Command line test" time="44.919" errors="0" timestamp="2023-01-31T00:00:58 IST">
  <testcase classname="org.example.ErrormessageScenariosTest" name="errorMsgValidation" time="0.279"/>
  <testcase classname="org.example.ErrormessageScenariosTest" name="productCartvalidation" time="3.238">
    <skipped/>
  </testcase> <!-- productCartvalidation -->
  <testcase classname="org.example.ErrormessageScenariosTest" name="productCartvalidation" time="3.21">
    <failure type="java.lang.AssertionError" message="expected [true] but found [false]">
      <![CDATA[java.lang.AssertionError: expected [true] but found [false]
at org.example.ErrormessageScenariosTest.productCartvalidation(ErrormessageScenariosTest.java:30)
at java.base/java.util.ArrayList.forEach(ArrayList.java:1541)
... Removed 41 stack frames]]>
    </failure>
  </testcase> <!-- productCartvalidation -->
  <testcase classname="org.example.StandAloneTest" name="addToCartTest" time="4.109"/>
  <testcase classname="org.example.StandAloneTest" name="addToCartTest" time="4.054"/>
  <testcase classname="org.example.StandAloneTest" name="verifyOrderPlacedTest" time="0.487"/>
</testsuite> <!-- Command line test -->
